<?xml version="1.0" encoding="UTF-8" ?>
<testsuite tests="6" failures="0" name="org.jazzteam.task.NumberConverterTest" time="0.434" errors="0" skipped="0">
  <properties>
[...]
</properties>
  <testcase classname="org.jazzteam.task.NumberConverterTest" name="testNumberToWordsNumbers" time="0.015"/>
  <testcase classname="org.jazzteam.task.NumberConverterTest" name="testNumberToWordsData" time="0.416"/>
  <testcase classname="org.jazzteam.task.NumberConverterTest" name="testNumberToWordsNull" time="0.001"/>
  <testcase classname="org.jazzteam.task.NumberConverterTest" name="testNumberToWordsPattern" time="0.001"/>
  <testcase classname="org.jazzteam.task.NumberConverterTest" name="testNumberToWordsZeroEmptyString" time="0"/>
  <testcase classname="org.jazzteam.task.NumberConverterTest" name="testNumberToWordsLongest" time="0.001"/>
</testsuite>